<?xml version="1.0" encoding="UTF-8"?>
<!-- Generated by org.testng.reporters.JUnitXMLReporter -->
<testsuite hostname="Santoshs-MacBook-Air.local" ignored="0" name="SeleniumAutomation" tests="3" failures="0" timestamp="2020-07-03T19:02:06 IST" time="19.163" errors="0">
  <testcase name="loginPageTitleTest" time="0.023" classname="com.qa.testcases.LoginPageTest"/>
  <testcase name="crmLogoImageTest" time="0.833" classname="com.qa.testcases.LoginPageTest"/>
  <testcase name="loginTest" time="3.931" classname="com.qa.testcases.LoginPageTest"/>
</testsuite> <!-- SeleniumAutomation -->
