<?xml version="1.0" encoding="UTF-8"?>
<testng-results skipped="0" failed="0" ignored="0" total="3" passed="3">
  <reporter-output>
  </reporter-output>
  <suite name="Selenium Suite" duration-ms="19163" started-at="2020-07-03T19:01:42 IST" finished-at="2020-07-03T19:02:01 IST">
    <groups>
    </groups>
    <test name="SeleniumAutomation" duration-ms="19163" started-at="2020-07-03T19:01:42 IST" finished-at="2020-07-03T19:02:01 IST">
      <class name="com.qa.testcases.LoginPageTest">
        <test-method status="PASS" signature="setUp()[pri:0, instance:com.qa.testcases.LoginPageTest@4d910fd6]" name="setUp" is-config="true" duration-ms="6834" started-at="2020-07-03T19:01:42 IST" finished-at="2020-07-03T19:01:49 IST">
          <reporter-output>
          </reporter-output>
        </test-method> <!-- setUp -->
        <test-method status="PASS" signature="loginPageTitleTest()[pri:0, instance:com.qa.testcases.LoginPageTest@4d910fd6]" name="loginPageTitleTest" duration-ms="23" started-at="2020-07-03T19:01:49 IST" finished-at="2020-07-03T19:01:49 IST">
          <reporter-output>
          </reporter-output>
        </test-method> <!-- loginPageTitleTest -->
        <test-method status="PASS" signature="tearDown()[pri:0, instance:com.qa.testcases.LoginPageTest@4d910fd6]" name="tearDown" is-config="true" duration-ms="178" started-at="2020-07-03T19:01:49 IST" finished-at="2020-07-03T19:01:49 IST">
          <reporter-output>
          </reporter-output>
        </test-method> <!-- tearDown -->
        <test-method status="PASS" signature="setUp()[pri:0, instance:com.qa.testcases.LoginPageTest@4d910fd6]" name="setUp" is-config="true" duration-ms="3783" started-at="2020-07-03T19:01:49 IST" finished-at="2020-07-03T19:01:53 IST">
          <reporter-output>
          </reporter-output>
        </test-method> <!-- setUp -->
        <test-method status="PASS" signature="crmLogoImageTest()[pri:1, instance:com.qa.testcases.LoginPageTest@4d910fd6]" name="crmLogoImageTest" duration-ms="833" started-at="2020-07-03T19:01:53 IST" finished-at="2020-07-03T19:01:54 IST">
          <reporter-output>
          </reporter-output>
        </test-method> <!-- crmLogoImageTest -->
        <test-method status="PASS" signature="tearDown()[pri:0, instance:com.qa.testcases.LoginPageTest@4d910fd6]" name="tearDown" is-config="true" duration-ms="147" started-at="2020-07-03T19:01:54 IST" finished-at="2020-07-03T19:01:54 IST">
          <reporter-output>
          </reporter-output>
        </test-method> <!-- tearDown -->
        <test-method status="PASS" signature="setUp()[pri:0, instance:com.qa.testcases.LoginPageTest@4d910fd6]" name="setUp" is-config="true" duration-ms="3201" started-at="2020-07-03T19:01:54 IST" finished-at="2020-07-03T19:01:57 IST">
          <reporter-output>
          </reporter-output>
        </test-method> <!-- setUp -->
        <test-method status="PASS" signature="loginTest()[pri:2, instance:com.qa.testcases.LoginPageTest@4d910fd6]" name="loginTest" duration-ms="3931" started-at="2020-07-03T19:01:57 IST" finished-at="2020-07-03T19:02:01 IST">
          <reporter-output>
          </reporter-output>
        </test-method> <!-- loginTest -->
        <test-method status="PASS" signature="tearDown()[pri:0, instance:com.qa.testcases.LoginPageTest@4d910fd6]" name="tearDown" is-config="true" duration-ms="178" started-at="2020-07-03T19:02:01 IST" finished-at="2020-07-03T19:02:01 IST">
          <reporter-output>
          </reporter-output>
        </test-method> <!-- tearDown -->
      </class> <!-- com.qa.testcases.LoginPageTest -->
    </test> <!-- SeleniumAutomation -->
  </suite> <!-- Selenium Suite -->
</testng-results>
